<?xml version="1.0" encoding="UTF-8"?>
<testng-results ignored="0" total="2" passed="2" failed="0" skipped="0">
  <reporter-output>
  </reporter-output>
  <suite started-at="2024-03-01T16:07:39 IST" name="Default suite" finished-at="2024-03-01T16:07:51 IST" duration-ms="12423">
    <groups>
    </groups>
    <test started-at="2024-03-01T16:07:39 IST" name="Default test" finished-at="2024-03-01T16:07:51 IST" duration-ms="12423">
      <class name="practise.Login">
        <test-method is-config="true" signature="setup()[pri:0, instance:practise.Login@4d5d943d]" started-at="2024-03-01T16:07:39 IST" name="setup" finished-at="2024-03-01T16:07:44 IST" duration-ms="5321" status="PASS">
          <reporter-output>
          </reporter-output>
        </test-method> <!-- setup -->
        <test-method signature="loginwithemptyfields()[pri:0, instance:practise.Login@4d5d943d]" started-at="2024-03-01T16:07:44 IST" name="loginwithemptyfields" finished-at="2024-03-01T16:07:46 IST" duration-ms="1303" status="PASS">
          <reporter-output>
          </reporter-output>
        </test-method> <!-- loginwithemptyfields -->
        <test-method is-config="true" signature="shutdown()[pri:0, instance:practise.Login@4d5d943d]" started-at="2024-03-01T16:07:46 IST" name="shutdown" finished-at="2024-03-01T16:07:46 IST" duration-ms="496" status="PASS">
          <reporter-output>
          </reporter-output>
        </test-method> <!-- shutdown -->
        <test-method is-config="true" signature="setup()[pri:0, instance:practise.Login@4d5d943d]" started-at="2024-03-01T16:07:46 IST" name="setup" finished-at="2024-03-01T16:07:50 IST" duration-ms="3347" status="PASS">
          <reporter-output>
          </reporter-output>
        </test-method> <!-- setup -->
        <test-method signature="loginwithvalidcredentials()[pri:0, instance:practise.Login@4d5d943d]" started-at="2024-03-01T16:07:50 IST" name="loginwithvalidcredentials" finished-at="2024-03-01T16:07:51 IST" duration-ms="1503" status="PASS">
          <reporter-output>
          </reporter-output>
        </test-method> <!-- loginwithvalidcredentials -->
        <test-method is-config="true" signature="shutdown()[pri:0, instance:practise.Login@4d5d943d]" started-at="2024-03-01T16:07:51 IST" name="shutdown" finished-at="2024-03-01T16:07:51 IST" duration-ms="321" status="PASS">
          <reporter-output>
          </reporter-output>
        </test-method> <!-- shutdown -->
      </class> <!-- practise.Login -->
    </test> <!-- Default test -->
  </suite> <!-- Default suite -->
</testng-results>
