<?xml version="1.0" encoding="UTF-8"?>
<testsuite xmlns:xsi="http://www.w3.org/2001/XMLSchema-instance" xsi:noNamespaceSchemaLocation="https://maven.apache.org/surefire/maven-surefire-plugin/xsd/surefire-test-report.xsd" name="runnerClass.UberTest" time="0.082" tests="3" errors="0" skipped="3" failures="0">
  <properties>
[...]
</properties>
  <testcase name="Booking Cab Sedan" classname="uber Booking Feature" time="0">
    <skipped message="This scenario is skipped"/>
    <system-out><![CDATA[@All
Feature: uber Booking Feature

  @All @Smoke
  Scenario: Booking Cab Sedan                                                            # src/test/resources/Features/uber.feature:6
    Given user wants to select a car type "Sedon" from uber application                  # UberBookingSteps.user_wants_to_select_a_car_type_sedon_from_uber_application(String)
    When user selects car "Sedon" and pick up point "Bangalore" and drop location "Pune" # UberBookingSteps.user_selects_car_and_pick_up_point_and_drop_location(String,String,String)
    Then Driver starts the journey                                                       # UberBookingSteps.driver_starts_the_journey()
    And Driver ends the journey                                                          # UberBookingSteps.driver_ends_the_journey()
    Then user pays 1300 USD                                                              # UberBookingSteps.user_pays_USD(Integer)
]]></system-out>
  </testcase>
  <testcase name="Booking Cab SUV" classname="uber Booking Feature" time="0">
    <skipped message="This scenario is skipped"/>
    <system-out><![CDATA[
  @All @Regression
  Scenario: Booking Cab SUV                                                              # src/test/resources/Features/uber.feature:14
    Given user wants to select a car type "suv" from uber application                    # UberBookingSteps.user_wants_to_select_a_car_type_sedon_from_uber_application(String)
    When user selects car "Sedon" and pick up point "Bangalore" and drop location "Pune" # UberBookingSteps.user_selects_car_and_pick_up_point_and_drop_location(String,String,String)
    Then Driver starts the journey                                                       # UberBookingSteps.driver_starts_the_journey()
    And Driver ends the journey                                                          # UberBookingSteps.driver_ends_the_journey()
    Then user pays 1080 USD                                                              # UberBookingSteps.user_pays_USD(Integer)
]]></system-out>
  </testcase>
  <testcase name="Booking Cab for Mini" classname="uber Booking Feature" time="0">
    <skipped message="This scenario is skipped"/>
    <system-out><![CDATA[
  @All @Prod
  Scenario: Booking Cab for Mini                                                         # src/test/resources/Features/uber.feature:22
    Given user wants to select a car type "Mini" from uber application                   # UberBookingSteps.user_wants_to_select_a_car_type_sedon_from_uber_application(String)
    When user selects car "Sedon" and pick up point "Bangalore" and drop location "Pune" # UberBookingSteps.user_selects_car_and_pick_up_point_and_drop_location(String,String,String)
    Then Driver starts the journey                                                       # UberBookingSteps.driver_starts_the_journey()
    And Driver ends the journey                                                          # UberBookingSteps.driver_ends_the_journey()
    Then user pays 2090 USD                                                              # UberBookingSteps.user_pays_USD(Integer)
]]></system-out>
  </testcase>
</testsuite>