<?xml version="1.0" encoding="UTF-8"?>
<testsuite xmlns:xsi="http://www.w3.org/2001/XMLSchema-instance" xsi:noNamespaceSchemaLocation="https://maven.apache.org/surefire/maven-surefire-plugin/xsd/surefire-test-report.xsd" name="runnerClass.AmazonOrderTest" time="0.993" tests="3" errors="0" skipped="3" failures="0">
  <properties>
[...]
</properties>
  <testcase name="Check Previous Order Details" classname="Amazon Order Page" time="0">
    <skipped message="This scenario is skipped"/>
    <system-out><![CDATA[Feature: Amazon Order Page
  In order to check my order details
  As a registered user
  I want to specify the features of order details page

  Background:                          # src/test/resources/Features/Amazon order.feature:6
    Given a registered user exists     # AmazonOrder.a_registered_user_exists()
    Given user is on Amazon login page # AmazonOrder.user_is_on_Amazon_login_page()
    When user enters username          # AmazonOrder.user_enters_username()
    And user enters password           # AmazonOrder.user_enters_password()
    And user clicks on login button    # AmazonOrder.user_clicks_on_login_button()
    Then user navigates to order page  # AmazonOrder.user_navigates_to_order_page()

  Scenario: Check Previous Order Details        # src/test/resources/Features/Amazon order.feature:14
    When user clicks on Order link              # AmazonOrder.user_clicks_on_Order_link()
    Then user checks the previous order details # AmazonOrder.user_checks_the_previous_order_details()
]]></system-out>
  </testcase>
  <testcase name="check Open Order Details" classname="Amazon Order Page" time="0">
    <skipped message="This scenario is skipped"/>
    <system-out><![CDATA[
  Background:                          # src/test/resources/Features/Amazon order.feature:6
    Given a registered user exists     # AmazonOrder.a_registered_user_exists()
    Given user is on Amazon login page # AmazonOrder.user_is_on_Amazon_login_page()
    When user enters username          # AmazonOrder.user_enters_username()
    And user enters password           # AmazonOrder.user_enters_password()
    And user clicks on login button    # AmazonOrder.user_clicks_on_login_button()
    Then user navigates to order page  # AmazonOrder.user_navigates_to_order_page()

  Scenario: check Open Order Details         # src/test/resources/Features/Amazon order.feature:18
    When user clicks on open orders link     # AmazonOrder.user_clicks_on_open_orders_link()
    Then user checks the open orders details # AmazonOrder.user_checks_the_open_orders_details()
]]></system-out>
  </testcase>
  <testcase name="Check Cancelled Ordered Details" classname="Amazon Order Page" time="0">
    <skipped message="This scenario is skipped"/>
    <system-out><![CDATA[
  Background:                          # src/test/resources/Features/Amazon order.feature:6
    Given a registered user exists     # AmazonOrder.a_registered_user_exists()
    Given user is on Amazon login page # AmazonOrder.user_is_on_Amazon_login_page()
    When user enters username          # AmazonOrder.user_enters_username()
    And user enters password           # AmazonOrder.user_enters_password()
    And user clicks on login button    # AmazonOrder.user_clicks_on_login_button()
    Then user navigates to order page  # AmazonOrder.user_navigates_to_order_page()

  Scenario: Check Cancelled Ordered Details         # src/test/resources/Features/Amazon order.feature:22
    When user clicks on cancelled ordered link      # AmazonOrder.user_clicks_on_cancelled_ordered_link()
    Then user checks the cancelled  ordered details # AmazonOrder.user_checks_the_cancelled_ordered_details()
]]></system-out>
  </testcase>
</testsuite>